<?xml version="1.0" encoding="UTF-8"?>
<!-- Generated by org.testng.reporters.JUnitXMLReporter -->
<testsuite ignored="0" hostname="DESKTOP-C8AQ9PJ" failures="6" tests="24" name="Test" time="27.362" errors="0" timestamp="2023-01-06T22:09:03 IST">
  <testcase classname="com.employeeapi.Test.TC_05_DELETE_EmployeeRecord" name="checkContentEncoding" time="0.018"/>
  <testcase classname="com.employeeapi.Test.TC_05_DELETE_EmployeeRecord" name="checkResponseBody" time="0.025">
    <failure type="java.lang.AssertionError" message="expected [true] but found [false]">
      <![CDATA[java.lang.AssertionError: expected [true] but found [false]
at com.employeeapi.Test.TC_05_DELETE_EmployeeRecord.checkResponseBody(TC_05_DELETE_EmployeeRecord.java:41)
at java.base/java.util.ArrayList.forEach(ArrayList.java:1511)
... Removed 33 stack frames]]>
    </failure>
  </testcase> <!-- checkResponseBody -->
  <testcase classname="com.employeeapi.Test.TC_05_DELETE_EmployeeRecord" name="checkStatuscode" time="0.008">
    <failure type="java.lang.AssertionError" message="expected [200] but found [429]">
      <![CDATA[java.lang.AssertionError: expected [200] but found [429]
at com.employeeapi.Test.TC_05_DELETE_EmployeeRecord.checkStatuscode(TC_05_DELETE_EmployeeRecord.java:49)
at java.base/java.util.ArrayList.forEach(ArrayList.java:1511)
... Removed 33 stack frames]]>
    </failure>
  </testcase> <!-- checkStatuscode -->
  <testcase classname="com.employeeapi.Test.TC_05_DELETE_EmployeeRecord" name="checkserverType" time="0.002">
    <failure type="java.lang.AssertionError" message="expected [nginx/1.14.1] but found [Apache]">
      <![CDATA[java.lang.AssertionError: expected [nginx/1.14.1] but found [Apache]
at com.employeeapi.Test.TC_05_DELETE_EmployeeRecord.checkserverType(TC_05_DELETE_EmployeeRecord.java:61)
at java.base/java.util.ArrayList.forEach(ArrayList.java:1511)
... Removed 33 stack frames]]>
    </failure>
  </testcase> <!-- checkserverType -->
  <testcase classname="com.employeeapi.Test.TC_05_DELETE_EmployeeRecord" name="checkstatusline" time="0.001">
    <failure type="java.lang.AssertionError" message="expected [HTTP/1.1 200 OK] but found [HTTP/1.1 429 Too Many Requests]">
      <![CDATA[java.lang.AssertionError: expected [HTTP/1.1 200 OK] but found [HTTP/1.1 429 Too Many Requests]
at com.employeeapi.Test.TC_05_DELETE_EmployeeRecord.checkstatusline(TC_05_DELETE_EmployeeRecord.java:55)
at java.base/java.util.ArrayList.forEach(ArrayList.java:1511)
... Removed 33 stack frames]]>
    </failure>
  </testcase> <!-- checkstatusline -->
  <testcase classname="com.employeeapi.Test.TC_03_POST_EmployeeData" name="checkContentType" time="0.002"/>
  <testcase classname="com.employeeapi.Test.TC_03_POST_EmployeeData" name="checkResposebody" time="0.003"/>
  <testcase classname="com.employeeapi.Test.TC_03_POST_EmployeeData" name="checkStatuscode" time="0.003"/>
  <testcase classname="com.employeeapi.Test.TC_03_POST_EmployeeData" name="checkStatusline" time="0.001"/>
  <testcase classname="com.employeeapi.Test.TC_02_GET_Sinfgle_EmployeeRecord" name="checkContentType" time="0.003">
    <failure type="java.lang.AssertionError" message="expected [txt/html; charset=UTF-8] but found [application/json]">
      <![CDATA[java.lang.AssertionError: expected [txt/html; charset=UTF-8] but found [application/json]
at com.employeeapi.Test.TC_02_GET_Sinfgle_EmployeeRecord.checkContentType(TC_02_GET_Sinfgle_EmployeeRecord.java:66)
at java.base/java.util.ArrayList.forEach(ArrayList.java:1511)
... Removed 33 stack frames]]>
    </failure>
  </testcase> <!-- checkContentType -->
  <testcase classname="com.employeeapi.Test.TC_02_GET_Sinfgle_EmployeeRecord" name="checkContentlength" time="0.004"/>
  <testcase classname="com.employeeapi.Test.TC_02_GET_Sinfgle_EmployeeRecord" name="checkResponsebody" time="0.013"/>
  <testcase classname="com.employeeapi.Test.TC_02_GET_Sinfgle_EmployeeRecord" name="checkResponsetime" time="0.007"/>
  <testcase classname="com.employeeapi.Test.TC_02_GET_Sinfgle_EmployeeRecord" name="checkServertype" time="0.003">
    <failure type="java.lang.AssertionError" message="expected [nginx/1.14.1] but found [nginx/1.21.6]">
      <![CDATA[java.lang.AssertionError: expected [nginx/1.14.1] but found [nginx/1.21.6]
at com.employeeapi.Test.TC_02_GET_Sinfgle_EmployeeRecord.checkServertype(TC_02_GET_Sinfgle_EmployeeRecord.java:74)
at java.base/java.util.ArrayList.forEach(ArrayList.java:1511)
... Removed 33 stack frames]]>
    </failure>
  </testcase> <!-- checkServertype -->
  <testcase classname="com.employeeapi.Test.TC_02_GET_Sinfgle_EmployeeRecord" name="checkStatusCode" time="0.013"/>
  <testcase classname="com.employeeapi.Test.TC_02_GET_Sinfgle_EmployeeRecord" name="checkStatusline" time="0.004"/>
  <testcase classname="com.employeeapi.Test.TC_04_PUT_EMPLOYEE" name="checkContentType" time="0.001"/>
  <testcase classname="com.employeeapi.Test.TC_04_PUT_EMPLOYEE" name="checkResposebody" time="0.007"/>
  <testcase classname="com.employeeapi.Test.TC_04_PUT_EMPLOYEE" name="checkStatuscode" time="0.003"/>
  <testcase classname="com.employeeapi.Test.TC_04_PUT_EMPLOYEE" name="checkStatusline" time="0.001"/>
  <testcase classname="com.employeeapi.Test.TC_01_GET_All_Employees" name="checkResponsebody" time="0.009"/>
  <testcase classname="com.employeeapi.Test.TC_01_GET_All_Employees" name="checkResponsetime" time="0.003"/>
  <testcase classname="com.employeeapi.Test.TC_01_GET_All_Employees" name="checkStatusCode" time="0.004"/>
  <testcase classname="com.employeeapi.Test.TC_01_GET_All_Employees" name="checkStatusline" time="0.009"/>
</testsuite> <!-- Test -->
